   1              		.file	"types.c"
   2              	# GNU C17 (Debian 14.2.0-16) version 14.2.0 (x86_64-linux-gnu)
   3              	#	compiled by GNU C version 14.2.0, GMP version 6.3.0, MPFR version 4.2.1, MPC version 1.3.1, isl v
   4              	
   5              	# GGC heuristics: --param ggc-min-expand=100 --param ggc-min-heapsize=131072
   6              	# options passed: -m32 -mtune=generic -march=i686 -g -O2 -fasynchronous-unwind-tables
   7              		.text
   8              	.Ltext0:
   9              		.file 0 "/home/evaristo_estella/Documents/Maestria/M5-Ingenieria-Inversa/imf_m5_rev_eng/Cap\303\25
  10              		.section	.rodata.str1.4,"aMS",@progbits,1
  11              		.align 4
  12              	.LC0:
  13 ???? 53697A65 		.string	"Size of char: %d (MAX: %d, MIN: %d)\n"
  13      206F6620 
  13      63686172 
  13      3A202564 
  13      20284D41 
  14 ???? 000000   		.align 4
  15              	.LC1:
  16 ???? 53697A65 		.string	"Size of unsigned char: %d (MAX: %d, MIN: %d)\n"
  16      206F6620 
  16      756E7369 
  16      676E6564 
  16      20636861 
  17 ???? 0000     		.align 4
  18              	.LC2:
  19 ???? 53697A65 		.string	"Size of short: %d (MAX: %d, MIN: %d)\n"
  19      206F6620 
  19      73686F72 
  19      743A2025 
  19      6420284D 
  20 ???? 0000     		.align 4
  21              	.LC3:
  22 ???? 53697A65 		.string	"Size of unsigned short: %d (MAX: %d, MIN: %d)\n"
  22      206F6620 
  22      756E7369 
  22      676E6564 
  22      2073686F 
  23 ???? 00       		.align 4
  24              	.LC4:
  25 ???? 53697A65 		.string	"Size of int: %d (MAX: %d, MIN: %d)\n"
  25      206F6620 
  25      696E743A 
  25      20256420 
  25      284D4158 
  26              		.align 4
  27              	.LC5:
  28 ???? 53697A65 		.string	"Size of unsigned int: %d (MAX: %d, MIN: %d)\n"
  28      206F6620 
  28      756E7369 
  28      676E6564 
  28      20696E74 
  29 ???? 000000   		.align 4
  30              	.LC6:
  31 ???? 53697A65 		.string	"Size of long: %d (MAX: %ld, MIN: %ld)\n"
  31      206F6620 
  31      6C6F6E67 
  31      3A202564 
  31      20284D41 
  32 ???? 00       		.align 4
  33              	.LC7:
  34 ???? 53697A65 		.string	"Size of unsigned long: %d (MAX: %lu, MIN: %d)\n"
  34      206F6620 
  34      756E7369 
  34      676E6564 
  34      206C6F6E 
  35              		.section	.text.startup,"ax",@progbits
  36              		.p2align 4
  37              		.globl	main
  39              	main:
  40              	.LFB11:
  41              		.file 1 "types.c"
   1:types.c       **** #include<stdio.h>
   2:types.c       **** #include<limits.h>
   3:types.c       **** 
   4:types.c       **** int main(void) {
  42              		.loc 1 4 16 view -0
  43              		.cfi_startproc
   5:types.c       ****     int             var1 = 0x22222222;
  44              		.loc 1 5 5 view .LVU1
  45              	.LVL0:
   6:types.c       ****     unsigned int    var2 = 0x33333333;
  46              		.loc 1 6 5 view .LVU2
   7:types.c       ****     short           var3 = 0x4444;
  47              		.loc 1 7 5 view .LVU3
   8:types.c       ****     unsigned short  var4 = 0x5555;
  48              		.loc 1 8 5 view .LVU4
   9:types.c       ****     char            var5 = 0x66;
  49              		.loc 1 9 5 view .LVU5
  10:types.c       ****     unsigned char   var6 = 0x77;
  50              		.loc 1 10 5 view .LVU6
  11:types.c       ****     long            var7 = 0x88888888;
  51              		.loc 1 11 5 view .LVU7
  12:types.c       ****     unsigned long   var8 = 0x99999999;
  52              		.loc 1 12 5 view .LVU8
  13:types.c       **** 
  14:types.c       ****     printf("Size of char: %d (MAX: %d, MIN: %d)\n", sizeof(var5), CHAR_MAX, CHAR_MIN);
  53              		.loc 1 14 5 view .LVU9
  54              	# types.c:4: int main(void) {
   4:types.c       ****     int             var1 = 0x22222222;
  55              		.loc 1 4 16 is_stmt 0 view .LVU10
  56 ???? 678D4C24 		leal	4(%esp), %ecx	#,
  56      04
  57              		.cfi_def_cfa 1, 0
  58 ???? 83E4F0   		andl	$-16, %esp	#,
  59              		pushl	-4(%ecx)	#
  60              		pushl	%ebp	#
  61 ???? 89E5     		movl	%esp, %ebp	#,
  62              		.cfi_escape 0x10,0x5,0x2,0x75,0
  63              		pushl	%ebx	#
  64              		.cfi_escape 0x10,0x3,0x2,0x75,0x7c
  65 ???? E8000000 		call	__x86.get_pc_thunk.bx	#
  65      00
  66 ???? 81C30000 		addl	$_GLOBAL_OFFSET_TABLE_, %ebx	# tmp98,
  66      0000
  67              		pushl	%ecx	#
  68              		.cfi_escape 0xf,0x3,0x75,0x78,0x6
  69              	# types.c:14:     printf("Size of char: %d (MAX: %d, MIN: %d)\n", sizeof(var5), CHAR_MAX, CHAR_MIN)
  70              		.loc 1 14 5 view .LVU11
  71              		pushl	$-128	#
  72              		pushl	$127	#
  73              		pushl	$1	#
  74 ???? 678D8300 		leal	.LC0@GOTOFF(%ebx), %eax	#, tmp100
****  Error: 8-byte relocation cannot be applied to 4-byte field
  74      000000
  75              		pushl	%eax	# tmp100
  76 ???? E8000000 		call	printf@PLT	#
  76      00
  77              	.LVL1:
  15:types.c       ****     printf("Size of unsigned char: %d (MAX: %d, MIN: %d)\n", sizeof(var6), UCHAR_MAX, 0);
  78              		.loc 1 15 5 is_stmt 1 view .LVU12
  79 ???? 678D8300 		leal	.LC1@GOTOFF(%ebx), %eax	#, tmp101
****  Error: 8-byte relocation cannot be applied to 4-byte field
  79      000000
  80              		pushl	$0	#
  81              		pushl	$255	#
  82              		pushl	$1	#
  83              		pushl	%eax	# tmp101
  84 ???? E8000000 		call	printf@PLT	#
  84      00
  85              	.LVL2:
  16:types.c       ****     printf("Size of short: %d (MAX: %d, MIN: %d)\n", sizeof(var3), SHRT_MAX, SHRT_MIN);
  86              		.loc 1 16 5 view .LVU13
  87 ???? 83C420   		addl	$32, %esp	#,
  88 ???? 678D8300 		leal	.LC2@GOTOFF(%ebx), %eax	#, tmp102
****  Error: 8-byte relocation cannot be applied to 4-byte field
  88      000000
  89              		pushl	$-32768	#
  90              		pushl	$32767	#
  91              		pushl	$2	#
  92              		pushl	%eax	# tmp102
  93 ???? E8000000 		call	printf@PLT	#
  93      00
  94              	.LVL3:
  17:types.c       ****     printf("Size of unsigned short: %d (MAX: %d, MIN: %d)\n", sizeof(var4), USHRT_MAX, 0);
  95              		.loc 1 17 5 view .LVU14
  96 ???? 678D8300 		leal	.LC3@GOTOFF(%ebx), %eax	#, tmp103
****  Error: 8-byte relocation cannot be applied to 4-byte field
  96      000000
  97              		pushl	$0	#
  98              		pushl	$65535	#
  99              		pushl	$2	#
 100              		pushl	%eax	# tmp103
 101 ???? E8000000 		call	printf@PLT	#
 101      00
 102              	.LVL4:
  18:types.c       ****     printf("Size of int: %d (MAX: %d, MIN: %d)\n", sizeof(var1), INT_MAX, INT_MIN);
 103              		.loc 1 18 5 view .LVU15
 104 ???? 83C420   		addl	$32, %esp	#,
 105 ???? 678D8300 		leal	.LC4@GOTOFF(%ebx), %eax	#, tmp104
****  Error: 8-byte relocation cannot be applied to 4-byte field
 105      000000
 106              		pushl	$-2147483648	#
 107              		pushl	$2147483647	#
 108              		pushl	$4	#
 109              		pushl	%eax	# tmp104
 110 ???? E8000000 		call	printf@PLT	#
 110      00
 111              	.LVL5:
  19:types.c       ****     printf("Size of unsigned int: %d (MAX: %d, MIN: %d)\n", sizeof(var2), UINT_MAX, 0);
 112              		.loc 1 19 5 view .LVU16
 113 ???? 678D8300 		leal	.LC5@GOTOFF(%ebx), %eax	#, tmp105
****  Error: 8-byte relocation cannot be applied to 4-byte field
 113      000000
 114              		pushl	$0	#
 115              		pushl	$-1	#
 116              		pushl	$4	#
 117              		pushl	%eax	# tmp105
 118 ???? E8000000 		call	printf@PLT	#
 118      00
 119              	.LVL6:
  20:types.c       ****     printf("Size of long: %d (MAX: %ld, MIN: %ld)\n", sizeof(var7), LONG_MAX, LONG_MIN);
 120              		.loc 1 20 5 view .LVU17
 121 ???? 83C420   		addl	$32, %esp	#,
 122 ???? 678D8300 		leal	.LC6@GOTOFF(%ebx), %eax	#, tmp106
****  Error: 8-byte relocation cannot be applied to 4-byte field
 122      000000
 123              		pushl	$-2147483648	#
 124              		pushl	$2147483647	#
 125              		pushl	$4	#
 126              		pushl	%eax	# tmp106
 127 ???? E8000000 		call	printf@PLT	#
 127      00
 128              	.LVL7:
  21:types.c       ****     printf("Size of unsigned long: %d (MAX: %lu, MIN: %d)\n", sizeof(var8), ULONG_MAX, 0);
 129              		.loc 1 21 5 view .LVU18
 130 ???? 678D8300 		leal	.LC7@GOTOFF(%ebx), %eax	#, tmp107
****  Error: 8-byte relocation cannot be applied to 4-byte field
 130      000000
 131              		pushl	$0	#
 132              		pushl	$-1	#
 133              		pushl	$4	#
 134              		pushl	%eax	# tmp107
 135 ???? E8000000 		call	printf@PLT	#
 135      00
 136              	.LVL8:
 137 ???? 83C420   		addl	$32, %esp	#,
 138              	# types.c:22: }
  22:types.c       **** }...
 139              		.loc 1 22 1 is_stmt 0 view .LVU20
 140 ???? 678D65F8 		leal	-8(%ebp), %esp	#,
 141 ???? 31C0     		xorl	%eax, %eax	#
 142              		popl	%ecx	#
 143              		.cfi_restore 1
 144              		.cfi_def_cfa 1, 0
 145              		popl	%ebx	#
 146              		.cfi_restore 3
 147              		popl	%ebp	#
 148              		.cfi_restore 5
 149 ???? 678D61FC 		leal	-4(%ecx), %esp	#,
 150              		.cfi_def_cfa 4, 4
 151 ???? C3       		ret	
 152              		.cfi_endproc
 153              	.LFE11:
 155              		.section	.text.__x86.get_pc_thunk.bx,"axG",@progbits,__x86.get_pc_thunk.bx,comdat
 156              		.globl	__x86.get_pc_thunk.bx
 157              		.hidden	__x86.get_pc_thunk.bx
 159              	__x86.get_pc_thunk.bx:
 160              	.LFB12:
 161              		.cfi_startproc
 162 ???? 678B1C24 		movl	(%esp), %ebx	#,
 163 ???? C3       		ret
 164              		.cfi_endproc
 165              	.LFE12:
 166              		.text
 167              	.Letext0:
 168              		.file 2 "/usr/include/stdio.h"
